<?xml version="1.0" encoding="UTF-8"?>
<robot generator="Robot 5.0.1 (Python 3.9.13 on win32)" generated="20220729 12:49:48.673" rpa="false" schemaversion="3">
<suite id="s1" name="Suites">
<suite id="s1-s1" name="Surveys Manage Surveys Tests" source="C:\Users\10083745\PycharmProjects\Demo\Tests\Surveys_Manage_Surveys_Tests.robot">
<test id="s1-s1-t1" name="TC2" line="11">
<kw name="Manage Surveys Setup" library="Resource_File" type="SETUP">
<kw name="Open Browser" library="SeleniumLibrary">
<arg>https://www.google.com/</arg>
<arg>chrome</arg>
<doc>Opens a new browser instance to the optional ``url``.</doc>
<msg timestamp="20220729 12:49:48.879" level="INFO">Opening browser 'chrome' to base url 'https://www.google.com/'.</msg>
<status status="PASS" starttime="20220729 12:49:48.878" endtime="20220729 12:49:52.125"/>
</kw>
<status status="PASS" starttime="20220729 12:49:48.878" endtime="20220729 12:49:52.125"/>
</kw>
<kw name="Log To Console" library="BuiltIn">
<arg>Executing Smoke Test</arg>
<arg>Case 1</arg>
<doc>Logs the given message to the console.</doc>
<status status="PASS" starttime="20220729 12:49:52.125" endtime="20220729 12:49:52.126"/>
</kw>
<kw name="Teardown" library="Resource_File" type="TEARDOWN">
<kw name="Close Browser" library="SeleniumLibrary">
<doc>Closes the current browser.</doc>
<status status="PASS" starttime="20220729 12:49:52.127" endtime="20220729 12:49:54.242"/>
</kw>
<status status="PASS" starttime="20220729 12:49:52.126" endtime="20220729 12:49:54.243"/>
</kw>
<tag>Smoke</tag>
<status status="PASS" starttime="20220729 12:49:48.877" endtime="20220729 12:49:54.243"/>
</test>
<test id="s1-s1-t2" name="TC5" line="23">
<kw name="Manage Surveys Setup" library="Resource_File" type="SETUP">
<kw name="Open Browser" library="SeleniumLibrary">
<arg>https://www.google.com/</arg>
<arg>chrome</arg>
<doc>Opens a new browser instance to the optional ``url``.</doc>
<msg timestamp="20220729 12:49:54.248" level="INFO">Opening browser 'chrome' to base url 'https://www.google.com/'.</msg>
<status status="PASS" starttime="20220729 12:49:54.247" endtime="20220729 12:49:57.053"/>
</kw>
<status status="PASS" starttime="20220729 12:49:54.246" endtime="20220729 12:49:57.053"/>
</kw>
<kw name="Log To Console" library="BuiltIn">
<arg>Executing Smoke Test</arg>
<arg>Case 2</arg>
<doc>Logs the given message to the console.</doc>
<status status="PASS" starttime="20220729 12:49:57.053" endtime="20220729 12:49:57.054"/>
</kw>
<kw name="Teardown" library="Resource_File" type="TEARDOWN">
<kw name="Close Browser" library="SeleniumLibrary">
<doc>Closes the current browser.</doc>
<status status="PASS" starttime="20220729 12:49:57.055" endtime="20220729 12:49:59.251"/>
</kw>
<status status="PASS" starttime="20220729 12:49:57.054" endtime="20220729 12:49:59.251"/>
</kw>
<tag>Smoke</tag>
<status status="PASS" starttime="20220729 12:49:54.245" endtime="20220729 12:49:59.251"/>
</test>
<status status="PASS" starttime="20220729 12:49:48.700" endtime="20220729 12:49:59.252"/>
</suite>
<status status="PASS" starttime="20220729 12:49:48.681" endtime="20220729 12:49:59.255"/>
</suite>
<statistics>
<total>
<stat pass="2" fail="0" skip="0">All Tests</stat>
</total>
<tag>
<stat pass="2" fail="0" skip="0">Smoke</stat>
</tag>
<suite>
<stat pass="2" fail="0" skip="0" id="s1" name="Suites">Suites</stat>
<stat pass="2" fail="0" skip="0" id="s1-s1" name="Surveys Manage Surveys Tests">Suites.Surveys Manage Surveys Tests</stat>
</suite>
</statistics>
<errors>
</errors>
</robot>
