<?xml version="1.0" encoding="UTF-8"?>
<robot generator="Robot 5.0.1 (Python 3.9.13 on win32)" generated="20220729 12:49:48.668" rpa="false" schemaversion="3">
<suite id="s1" name="Suites">
<suite id="s1-s1" name="Surveys Manage Surveys Results Tests.robot" source="C:\Users\10083745\PycharmProjects\Demo\Tests\Surveys_Manage_Surveys_Results_Tests.robot.robot">
<test id="s1-s1-t1" name="TC2" line="11">
<kw name="Manage Surveys Results Setup" library="Resource_File" type="SETUP">
<kw name="Open Browser" library="SeleniumLibrary">
<arg>https://www.google.com/</arg>
<arg>chrome</arg>
<doc>Opens a new browser instance to the optional ``url``.</doc>
<msg timestamp="20220729 12:49:48.894" level="INFO">Opening browser 'chrome' to base url 'https://www.google.com/'.</msg>
<status status="PASS" starttime="20220729 12:49:48.893" endtime="20220729 12:49:52.090"/>
</kw>
<status status="PASS" starttime="20220729 12:49:48.892" endtime="20220729 12:49:52.090"/>
</kw>
<kw name="Log To Console" library="BuiltIn">
<arg>Executing Smoke Test</arg>
<arg>Case 1</arg>
<doc>Logs the given message to the console.</doc>
<status status="PASS" starttime="20220729 12:49:52.090" endtime="20220729 12:49:52.091"/>
</kw>
<kw name="Teardown" library="Resource_File" type="TEARDOWN">
<kw name="Close Browser" library="SeleniumLibrary">
<doc>Closes the current browser.</doc>
<status status="PASS" starttime="20220729 12:49:52.091" endtime="20220729 12:49:54.242"/>
</kw>
<status status="PASS" starttime="20220729 12:49:52.091" endtime="20220729 12:49:54.243"/>
</kw>
<tag>Smoke</tag>
<status status="PASS" starttime="20220729 12:49:48.891" endtime="20220729 12:49:54.244"/>
</test>
<test id="s1-s1-t2" name="TC5" line="23">
<kw name="Manage Surveys Results Setup" library="Resource_File" type="SETUP">
<kw name="Open Browser" library="SeleniumLibrary">
<arg>https://www.google.com/</arg>
<arg>chrome</arg>
<doc>Opens a new browser instance to the optional ``url``.</doc>
<msg timestamp="20220729 12:49:54.249" level="INFO">Opening browser 'chrome' to base url 'https://www.google.com/'.</msg>
<status status="PASS" starttime="20220729 12:49:54.249" endtime="20220729 12:49:57.095"/>
</kw>
<status status="PASS" starttime="20220729 12:49:54.248" endtime="20220729 12:49:57.095"/>
</kw>
<kw name="Log To Console" library="BuiltIn">
<arg>Executing Smoke Test</arg>
<arg>Case 2</arg>
<doc>Logs the given message to the console.</doc>
<status status="PASS" starttime="20220729 12:49:57.095" endtime="20220729 12:49:57.096"/>
</kw>
<kw name="Teardown" library="Resource_File" type="TEARDOWN">
<kw name="Close Browser" library="SeleniumLibrary">
<doc>Closes the current browser.</doc>
<status status="PASS" starttime="20220729 12:49:57.097" endtime="20220729 12:49:59.251"/>
</kw>
<status status="PASS" starttime="20220729 12:49:57.097" endtime="20220729 12:49:59.251"/>
</kw>
<tag>Smoke</tag>
<status status="PASS" starttime="20220729 12:49:54.246" endtime="20220729 12:49:59.251"/>
</test>
<status status="PASS" starttime="20220729 12:49:48.697" endtime="20220729 12:49:59.252"/>
</suite>
<status status="PASS" starttime="20220729 12:49:48.677" endtime="20220729 12:49:59.253"/>
</suite>
<statistics>
<total>
<stat pass="2" fail="0" skip="0">All Tests</stat>
</total>
<tag>
<stat pass="2" fail="0" skip="0">Smoke</stat>
</tag>
<suite>
<stat pass="2" fail="0" skip="0" id="s1" name="Suites">Suites</stat>
<stat pass="2" fail="0" skip="0" id="s1-s1" name="Surveys Manage Surveys Results Tests.robot">Suites.Surveys Manage Surveys Results Tests.robot</stat>
</suite>
</statistics>
<errors>
</errors>
</robot>
