<?xml version="1.0" encoding="UTF-8"?>
<robot generator="Rebot 5.0.1 (Python 3.9.13 on win32)" generated="20220729 12:49:59.470" rpa="false" schemaversion="3">
<suite id="s1" name="Suites">
<suite id="s1-s1" name="Surveys Manage Surveys Questions Tests.robot" source="C:\Users\10083745\PycharmProjects\Demo\Tests\Surveys_Manage_Surveys_Questions_Tests.robot.robot">
<test id="s1-s1-t1" name="TC2" line="11">
<kw name="Manage Surveys Questions Setup" library="Resource_File" type="SETUP">
<kw name="Open Browser" library="SeleniumLibrary">
<arg>https://www.google.com/</arg>
<arg>chrome</arg>
<doc>Opens a new browser instance to the optional ``url``.</doc>
<msg timestamp="20220729 12:49:48.879" level="INFO">Opening browser 'chrome' to base url 'https://www.google.com/'.</msg>
<status status="PASS" starttime="20220729 12:49:48.878" endtime="20220729 12:49:51.841"/>
</kw>
<status status="PASS" starttime="20220729 12:49:48.878" endtime="20220729 12:49:51.841"/>
</kw>
<kw name="Log To Console" library="BuiltIn">
<arg>Executing Smoke Test</arg>
<arg>Case 1</arg>
<doc>Logs the given message to the console.</doc>
<status status="PASS" starttime="20220729 12:49:51.842" endtime="20220729 12:49:51.843"/>
</kw>
<kw name="Teardown" library="Resource_File" type="TEARDOWN">
<kw name="Close Browser" library="SeleniumLibrary">
<doc>Closes the current browser.</doc>
<status status="PASS" starttime="20220729 12:49:51.844" endtime="20220729 12:49:53.997"/>
</kw>
<status status="PASS" starttime="20220729 12:49:51.843" endtime="20220729 12:49:53.997"/>
</kw>
<tag>Smoke</tag>
<status status="PASS" starttime="20220729 12:49:48.877" endtime="20220729 12:49:53.998"/>
</test>
<test id="s1-s1-t2" name="TC5" line="23">
<kw name="Manage Surveys Questions Setup" library="Resource_File" type="SETUP">
<kw name="Open Browser" library="SeleniumLibrary">
<arg>https://www.google.com/</arg>
<arg>chrome</arg>
<doc>Opens a new browser instance to the optional ``url``.</doc>
<msg timestamp="20220729 12:49:54.015" level="INFO">Opening browser 'chrome' to base url 'https://www.google.com/'.</msg>
<status status="PASS" starttime="20220729 12:49:54.014" endtime="20220729 12:49:57.042"/>
</kw>
<status status="PASS" starttime="20220729 12:49:54.013" endtime="20220729 12:49:57.043"/>
</kw>
<kw name="Log To Console" library="BuiltIn">
<arg>Executing Smoke Test</arg>
<arg>Case 2</arg>
<doc>Logs the given message to the console.</doc>
<status status="PASS" starttime="20220729 12:49:57.043" endtime="20220729 12:49:57.044"/>
</kw>
<kw name="Teardown" library="Resource_File" type="TEARDOWN">
<kw name="Close Browser" library="SeleniumLibrary">
<doc>Closes the current browser.</doc>
<status status="PASS" starttime="20220729 12:49:57.045" endtime="20220729 12:49:59.221"/>
</kw>
<status status="PASS" starttime="20220729 12:49:57.044" endtime="20220729 12:49:59.221"/>
</kw>
<tag>Smoke</tag>
<status status="PASS" starttime="20220729 12:49:53.999" endtime="20220729 12:49:59.222"/>
</test>
<status status="PASS" starttime="20220729 12:49:48.703" endtime="20220729 12:49:59.224"/>
</suite>
<suite id="s1-s2" name="Surveys Manage Surveys Results Tests.robot" source="C:\Users\10083745\PycharmProjects\Demo\Tests\Surveys_Manage_Surveys_Results_Tests.robot.robot">
<test id="s1-s2-t1" name="TC2" line="11">
<kw name="Manage Surveys Results Setup" library="Resource_File" type="SETUP">
<kw name="Open Browser" library="SeleniumLibrary">
<arg>https://www.google.com/</arg>
<arg>chrome</arg>
<doc>Opens a new browser instance to the optional ``url``.</doc>
<msg timestamp="20220729 12:49:48.894" level="INFO">Opening browser 'chrome' to base url 'https://www.google.com/'.</msg>
<status status="PASS" starttime="20220729 12:49:48.893" endtime="20220729 12:49:52.090"/>
</kw>
<status status="PASS" starttime="20220729 12:49:48.892" endtime="20220729 12:49:52.090"/>
</kw>
<kw name="Log To Console" library="BuiltIn">
<arg>Executing Smoke Test</arg>
<arg>Case 1</arg>
<doc>Logs the given message to the console.</doc>
<status status="PASS" starttime="20220729 12:49:52.090" endtime="20220729 12:49:52.091"/>
</kw>
<kw name="Teardown" library="Resource_File" type="TEARDOWN">
<kw name="Close Browser" library="SeleniumLibrary">
<doc>Closes the current browser.</doc>
<status status="PASS" starttime="20220729 12:49:52.091" endtime="20220729 12:49:54.242"/>
</kw>
<status status="PASS" starttime="20220729 12:49:52.091" endtime="20220729 12:49:54.243"/>
</kw>
<tag>Smoke</tag>
<status status="PASS" starttime="20220729 12:49:48.891" endtime="20220729 12:49:54.244"/>
</test>
<test id="s1-s2-t2" name="TC5" line="23">
<kw name="Manage Surveys Results Setup" library="Resource_File" type="SETUP">
<kw name="Open Browser" library="SeleniumLibrary">
<arg>https://www.google.com/</arg>
<arg>chrome</arg>
<doc>Opens a new browser instance to the optional ``url``.</doc>
<msg timestamp="20220729 12:49:54.249" level="INFO">Opening browser 'chrome' to base url 'https://www.google.com/'.</msg>
<status status="PASS" starttime="20220729 12:49:54.249" endtime="20220729 12:49:57.095"/>
</kw>
<status status="PASS" starttime="20220729 12:49:54.248" endtime="20220729 12:49:57.095"/>
</kw>
<kw name="Log To Console" library="BuiltIn">
<arg>Executing Smoke Test</arg>
<arg>Case 2</arg>
<doc>Logs the given message to the console.</doc>
<status status="PASS" starttime="20220729 12:49:57.095" endtime="20220729 12:49:57.096"/>
</kw>
<kw name="Teardown" library="Resource_File" type="TEARDOWN">
<kw name="Close Browser" library="SeleniumLibrary">
<doc>Closes the current browser.</doc>
<status status="PASS" starttime="20220729 12:49:57.097" endtime="20220729 12:49:59.251"/>
</kw>
<status status="PASS" starttime="20220729 12:49:57.097" endtime="20220729 12:49:59.251"/>
</kw>
<tag>Smoke</tag>
<status status="PASS" starttime="20220729 12:49:54.246" endtime="20220729 12:49:59.251"/>
</test>
<status status="PASS" starttime="20220729 12:49:48.697" endtime="20220729 12:49:59.252"/>
</suite>
<suite id="s1-s3" name="Surveys Manage Surveys Tests" source="C:\Users\10083745\PycharmProjects\Demo\Tests\Surveys_Manage_Surveys_Tests.robot">
<test id="s1-s3-t1" name="TC2" line="11">
<kw name="Manage Surveys Setup" library="Resource_File" type="SETUP">
<kw name="Open Browser" library="SeleniumLibrary">
<arg>https://www.google.com/</arg>
<arg>chrome</arg>
<doc>Opens a new browser instance to the optional ``url``.</doc>
<msg timestamp="20220729 12:49:48.879" level="INFO">Opening browser 'chrome' to base url 'https://www.google.com/'.</msg>
<status status="PASS" starttime="20220729 12:49:48.878" endtime="20220729 12:49:52.125"/>
</kw>
<status status="PASS" starttime="20220729 12:49:48.878" endtime="20220729 12:49:52.125"/>
</kw>
<kw name="Log To Console" library="BuiltIn">
<arg>Executing Smoke Test</arg>
<arg>Case 1</arg>
<doc>Logs the given message to the console.</doc>
<status status="PASS" starttime="20220729 12:49:52.125" endtime="20220729 12:49:52.126"/>
</kw>
<kw name="Teardown" library="Resource_File" type="TEARDOWN">
<kw name="Close Browser" library="SeleniumLibrary">
<doc>Closes the current browser.</doc>
<status status="PASS" starttime="20220729 12:49:52.127" endtime="20220729 12:49:54.242"/>
</kw>
<status status="PASS" starttime="20220729 12:49:52.126" endtime="20220729 12:49:54.243"/>
</kw>
<tag>Smoke</tag>
<status status="PASS" starttime="20220729 12:49:48.877" endtime="20220729 12:49:54.243"/>
</test>
<test id="s1-s3-t2" name="TC5" line="23">
<kw name="Manage Surveys Setup" library="Resource_File" type="SETUP">
<kw name="Open Browser" library="SeleniumLibrary">
<arg>https://www.google.com/</arg>
<arg>chrome</arg>
<doc>Opens a new browser instance to the optional ``url``.</doc>
<msg timestamp="20220729 12:49:54.248" level="INFO">Opening browser 'chrome' to base url 'https://www.google.com/'.</msg>
<status status="PASS" starttime="20220729 12:49:54.247" endtime="20220729 12:49:57.053"/>
</kw>
<status status="PASS" starttime="20220729 12:49:54.246" endtime="20220729 12:49:57.053"/>
</kw>
<kw name="Log To Console" library="BuiltIn">
<arg>Executing Smoke Test</arg>
<arg>Case 2</arg>
<doc>Logs the given message to the console.</doc>
<status status="PASS" starttime="20220729 12:49:57.053" endtime="20220729 12:49:57.054"/>
</kw>
<kw name="Teardown" library="Resource_File" type="TEARDOWN">
<kw name="Close Browser" library="SeleniumLibrary">
<doc>Closes the current browser.</doc>
<status status="PASS" starttime="20220729 12:49:57.055" endtime="20220729 12:49:59.251"/>
</kw>
<status status="PASS" starttime="20220729 12:49:57.054" endtime="20220729 12:49:59.251"/>
</kw>
<tag>Smoke</tag>
<status status="PASS" starttime="20220729 12:49:54.245" endtime="20220729 12:49:59.251"/>
</test>
<status status="PASS" starttime="20220729 12:49:48.700" endtime="20220729 12:49:59.252"/>
</suite>
<doc>[https://pabot.org/?ref=log|Pabot] result from 3 executions.</doc>
<status status="PASS" starttime="20220729 12:49:48.677" endtime="20220729 12:49:59.255"/>
</suite>
<statistics>
<total>
<stat pass="6" fail="0" skip="0">All Tests</stat>
</total>
<tag>
<stat pass="6" fail="0" skip="0">Smoke</stat>
</tag>
<suite>
<stat pass="6" fail="0" skip="0" id="s1" name="Suites">Suites</stat>
<stat pass="2" fail="0" skip="0" id="s1-s1" name="Surveys Manage Surveys Questions Tests.robot">Suites.Surveys Manage Surveys Questions Tests.robot</stat>
<stat pass="2" fail="0" skip="0" id="s1-s2" name="Surveys Manage Surveys Results Tests.robot">Suites.Surveys Manage Surveys Results Tests.robot</stat>
<stat pass="2" fail="0" skip="0" id="s1-s3" name="Surveys Manage Surveys Tests">Suites.Surveys Manage Surveys Tests</stat>
</suite>
</statistics>
<errors>
</errors>
</robot>
