<?xml version="1.0" encoding="UTF-8"?>
<robot generator="Robot 5.0.1 (Python 3.9.13 on win32)" generated="20220729 12:49:48.669" rpa="false" schemaversion="3">
<suite id="s1" name="Suites">
<suite id="s1-s1" name="Surveys Manage Surveys Questions Tests.robot" source="C:\Users\10083745\PycharmProjects\Demo\Tests\Surveys_Manage_Surveys_Questions_Tests.robot.robot">
<test id="s1-s1-t1" name="TC2" line="11">
<kw name="Manage Surveys Questions Setup" library="Resource_File" type="SETUP">
<kw name="Open Browser" library="SeleniumLibrary">
<arg>https://www.google.com/</arg>
<arg>chrome</arg>
<doc>Opens a new browser instance to the optional ``url``.</doc>
<msg timestamp="20220729 12:49:48.879" level="INFO">Opening browser 'chrome' to base url 'https://www.google.com/'.</msg>
<status status="PASS" starttime="20220729 12:49:48.878" endtime="20220729 12:49:51.841"/>
</kw>
<status status="PASS" starttime="20220729 12:49:48.878" endtime="20220729 12:49:51.841"/>
</kw>
<kw name="Log To Console" library="BuiltIn">
<arg>Executing Smoke Test</arg>
<arg>Case 1</arg>
<doc>Logs the given message to the console.</doc>
<status status="PASS" starttime="20220729 12:49:51.842" endtime="20220729 12:49:51.843"/>
</kw>
<kw name="Teardown" library="Resource_File" type="TEARDOWN">
<kw name="Close Browser" library="SeleniumLibrary">
<doc>Closes the current browser.</doc>
<status status="PASS" starttime="20220729 12:49:51.844" endtime="20220729 12:49:53.997"/>
</kw>
<status status="PASS" starttime="20220729 12:49:51.843" endtime="20220729 12:49:53.997"/>
</kw>
<tag>Smoke</tag>
<status status="PASS" starttime="20220729 12:49:48.877" endtime="20220729 12:49:53.998"/>
</test>
<test id="s1-s1-t2" name="TC5" line="23">
<kw name="Manage Surveys Questions Setup" library="Resource_File" type="SETUP">
<kw name="Open Browser" library="SeleniumLibrary">
<arg>https://www.google.com/</arg>
<arg>chrome</arg>
<doc>Opens a new browser instance to the optional ``url``.</doc>
<msg timestamp="20220729 12:49:54.015" level="INFO">Opening browser 'chrome' to base url 'https://www.google.com/'.</msg>
<status status="PASS" starttime="20220729 12:49:54.014" endtime="20220729 12:49:57.042"/>
</kw>
<status status="PASS" starttime="20220729 12:49:54.013" endtime="20220729 12:49:57.043"/>
</kw>
<kw name="Log To Console" library="BuiltIn">
<arg>Executing Smoke Test</arg>
<arg>Case 2</arg>
<doc>Logs the given message to the console.</doc>
<status status="PASS" starttime="20220729 12:49:57.043" endtime="20220729 12:49:57.044"/>
</kw>
<kw name="Teardown" library="Resource_File" type="TEARDOWN">
<kw name="Close Browser" library="SeleniumLibrary">
<doc>Closes the current browser.</doc>
<status status="PASS" starttime="20220729 12:49:57.045" endtime="20220729 12:49:59.221"/>
</kw>
<status status="PASS" starttime="20220729 12:49:57.044" endtime="20220729 12:49:59.221"/>
</kw>
<tag>Smoke</tag>
<status status="PASS" starttime="20220729 12:49:53.999" endtime="20220729 12:49:59.222"/>
</test>
<status status="PASS" starttime="20220729 12:49:48.703" endtime="20220729 12:49:59.224"/>
</suite>
<status status="PASS" starttime="20220729 12:49:48.679" endtime="20220729 12:49:59.227"/>
</suite>
<statistics>
<total>
<stat pass="2" fail="0" skip="0">All Tests</stat>
</total>
<tag>
<stat pass="2" fail="0" skip="0">Smoke</stat>
</tag>
<suite>
<stat pass="2" fail="0" skip="0" id="s1" name="Suites">Suites</stat>
<stat pass="2" fail="0" skip="0" id="s1-s1" name="Surveys Manage Surveys Questions Tests.robot">Suites.Surveys Manage Surveys Questions Tests.robot</stat>
</suite>
</statistics>
<errors>
</errors>
</robot>
